[0m09:02:07.438584 [debug] [MainThread]: Sending event: {'category': 'dbt', 'action': 'invocation', 'label': 'start', 'context': [<snowplow_tracker.self_describing_json.SelfDescribingJson object at 0x000001BBB2AA6C90>, <snowplow_tracker.self_describing_json.SelfDescribingJson object at 0x000001BBB2A6F690>, <snowplow_tracker.self_describing_json.SelfDescribingJson object at 0x000001BBB2A438D0>]}


============================== 09:02:07.442083 | ebd58828-1ae2-4193-b920-545d975ba609 ==============================
[0m09:02:07.442083 [info ] [MainThread]: Running with dbt=1.10.2
[0m09:02:07.442083 [debug] [MainThread]: running dbt with arguments {'printer_width': '80', 'indirect_selection': 'eager', 'log_cache_events': 'False', 'write_json': 'True', 'partial_parse': 'True', 'cache_selected_only': 'False', 'profiles_dir': 'C:\\Users\\Caleb King\\.dbt', 'debug': 'False', 'warn_error': 'None', 'log_path': 'logs', 'fail_fast': 'False', 'version_check': 'True', 'use_colors': 'True', 'use_experimental_parser': 'False', 'no_print': 'None', 'quiet': 'False', 'empty': 'None', 'warn_error_options': 'WarnErrorOptionsV2(error=[], warn=[], silence=[])', 'invocation_command': 'dbt init ir_loan_dw', 'static_parser': 'True', 'introspect': 'True', 'target_path': 'None', 'log_format': 'default', 'send_anonymous_usage_stats': 'True'}
[0m09:02:07.458184 [info ] [MainThread]: Creating dbt configuration folder at C:\Users\Caleb King\.dbt
[0m09:02:07.461187 [debug] [MainThread]: Starter project path: C:\Users\Caleb King\ir_loan_dw\venv\Lib\site-packages\dbt\include\starter_project
[0m09:02:07.488284 [info ] [MainThread]: 
Your new dbt project "ir_loan_dw" was created!

For more information on how to configure the profiles.yml file,
please consult the dbt documentation here:

  https://docs.getdbt.com/docs/configure-your-profile

One more thing:

Need help? Don't hesitate to reach out to us via GitHub issues or on Slack:

  https://community.getdbt.com/

Happy modeling!

[0m09:02:07.489286 [info ] [MainThread]: Setting up your profile.
[0m09:06:20.737782 [info ] [MainThread]: Profile ir_loan_dw written to C:\Users\Caleb King\.dbt\profiles.yml using target's profile_template.yml and your supplied values. Run 'dbt debug' to validate the connection.
[0m09:06:20.738783 [debug] [MainThread]: Command `dbt init` succeeded at 09:06:20.738783 after 253.36 seconds
[0m09:06:20.739782 [debug] [MainThread]: Sending event: {'category': 'dbt', 'action': 'invocation', 'label': 'end', 'context': [<snowplow_tracker.self_describing_json.SelfDescribingJson object at 0x000001BBB2A48250>, <snowplow_tracker.self_describing_json.SelfDescribingJson object at 0x000001BBB2A4A910>, <snowplow_tracker.self_describing_json.SelfDescribingJson object at 0x000001BBABE4CDD0>]}
[0m09:06:20.739782 [debug] [MainThread]: Flushing usage events
[0m09:06:21.823907 [debug] [MainThread]: An error was encountered while trying to flush usage events
[0m09:06:28.624252 [debug] [MainThread]: Sending event: {'category': 'dbt', 'action': 'invocation', 'label': 'start', 'context': [<snowplow_tracker.self_describing_json.SelfDescribingJson object at 0x000001FC9D99A810>, <snowplow_tracker.self_describing_json.SelfDescribingJson object at 0x000001FC9CAEB750>, <snowplow_tracker.self_describing_json.SelfDescribingJson object at 0x000001FC9D942750>]}


============================== 09:06:28.628251 | f0e21b33-edba-4b01-8f98-de0292253c4d ==============================
[0m09:06:28.628251 [info ] [MainThread]: Running with dbt=1.10.2
[0m09:06:28.629252 [debug] [MainThread]: running dbt with arguments {'printer_width': '80', 'indirect_selection': 'eager', 'write_json': 'True', 'log_cache_events': 'False', 'partial_parse': 'True', 'cache_selected_only': 'False', 'profiles_dir': 'C:\\Users\\Caleb King\\.dbt', 'debug': 'False', 'fail_fast': 'False', 'log_path': 'logs', 'version_check': 'True', 'warn_error': 'None', 'use_colors': 'True', 'use_experimental_parser': 'False', 'no_print': 'None', 'quiet': 'False', 'empty': 'None', 'log_format': 'default', 'static_parser': 'True', 'warn_error_options': 'WarnErrorOptionsV2(error=[], warn=[], silence=[])', 'invocation_command': 'dbt debug', 'target_path': 'None', 'introspect': 'True', 'send_anonymous_usage_stats': 'True'}
[0m09:06:28.646100 [info ] [MainThread]: dbt version: 1.10.2
[0m09:06:28.646100 [info ] [MainThread]: python version: 3.11.8
[0m09:06:28.647098 [info ] [MainThread]: python path: C:\Users\Caleb King\ir_loan_dw\venv\Scripts\python.exe
[0m09:06:28.647098 [info ] [MainThread]: os info: Windows-10-10.0.26100-SP0
[0m09:06:28.693307 [info ] [MainThread]: Using profiles dir at C:\Users\Caleb King\.dbt
[0m09:06:28.693307 [info ] [MainThread]: Using profiles.yml file at C:\Users\Caleb King\.dbt\profiles.yml
[0m09:06:28.694317 [info ] [MainThread]: Using dbt_project.yml file at C:\Users\Caleb King\ir_loan_dw\dbt_project.yml
[0m09:06:28.695322 [info ] [MainThread]: adapter type: postgres
[0m09:06:28.696309 [info ] [MainThread]: adapter version: 1.9.0
[0m09:06:28.696309 [info ] [MainThread]: Configuration:
[0m09:06:28.697308 [info ] [MainThread]:   profiles.yml file [[32mOK found and valid[0m]
[0m09:06:28.697308 [info ] [MainThread]:   dbt_project.yml file [[31mERROR not found[0m]
[0m09:06:28.698313 [info ] [MainThread]: Required dependencies:
[0m09:06:28.698313 [debug] [MainThread]: Executing "git --help"
[0m09:06:28.728688 [debug] [MainThread]: STDOUT: "b"usage: git [-v | --version] [-h | --help] [-C <path>] [-c <name>=<value>]\n           [--exec-path[=<path>]] [--html-path] [--man-path] [--info-path]\n           [-p | --paginate | -P | --no-pager] [--no-replace-objects] [--no-lazy-fetch]\n           [--no-optional-locks] [--no-advice] [--bare] [--git-dir=<path>]\n           [--work-tree=<path>] [--namespace=<name>] [--config-env=<name>=<envvar>]\n           <command> [<args>]\n\nThese are common Git commands used in various situations:\n\nstart a working area (see also: git help tutorial)\n   clone      Clone a repository into a new directory\n   init       Create an empty Git repository or reinitialize an existing one\n\nwork on the current change (see also: git help everyday)\n   add        Add file contents to the index\n   mv         Move or rename a file, a directory, or a symlink\n   restore    Restore working tree files\n   rm         Remove files from the working tree and from the index\n\nexamine the history and state (see also: git help revisions)\n   bisect     Use binary search to find the commit that introduced a bug\n   diff       Show changes between commits, commit and working tree, etc\n   grep       Print lines matching a pattern\n   log        Show commit logs\n   show       Show various types of objects\n   status     Show the working tree status\n\ngrow, mark and tweak your common history\n   backfill   Download missing objects in a partial clone\n   branch     List, create, or delete branches\n   commit     Record changes to the repository\n   merge      Join two or more development histories together\n   rebase     Reapply commits on top of another base tip\n   reset      Reset current HEAD to the specified state\n   switch     Switch branches\n   tag        Create, list, delete or verify a tag object signed with GPG\n\ncollaborate (see also: git help workflows)\n   fetch      Download objects and refs from another repository\n   pull       Fetch from and integrate with another repository or a local branch\n   push       Update remote refs along with associated objects\n\n'git help -a' and 'git help -g' list available subcommands and some\nconcept guides. See 'git help <command>' or 'git help <concept>'\nto read about a specific subcommand or concept.\nSee 'git help git' for an overview of the system.\n""
[0m09:06:28.729682 [debug] [MainThread]: STDERR: "b''"
[0m09:06:28.729682 [info ] [MainThread]:  - git [[32mOK found[0m]

[0m09:06:28.729682 [info ] [MainThread]: Connection:
[0m09:06:28.731186 [info ] [MainThread]:   host: localhost
[0m09:06:28.731186 [info ] [MainThread]:   port: 5432
[0m09:06:28.732193 [info ] [MainThread]:   user: postgres
[0m09:06:28.732193 [info ] [MainThread]:   database: loan_data
[0m09:06:28.732193 [info ] [MainThread]:   schema: analytics
[0m09:06:28.733197 [info ] [MainThread]:   connect_timeout: 10
[0m09:06:28.733197 [info ] [MainThread]:   role: None
[0m09:06:28.733197 [info ] [MainThread]:   search_path: None
[0m09:06:28.734197 [info ] [MainThread]:   keepalives_idle: 0
[0m09:06:28.734197 [info ] [MainThread]:   sslmode: None
[0m09:06:28.734197 [info ] [MainThread]:   sslcert: None
[0m09:06:28.735197 [info ] [MainThread]:   sslkey: None
[0m09:06:28.735197 [info ] [MainThread]:   sslrootcert: None
[0m09:06:28.736198 [info ] [MainThread]:   application_name: dbt
[0m09:06:28.736198 [info ] [MainThread]:   retries: 1
[0m09:06:28.737197 [info ] [MainThread]: Registered adapter: postgres=1.9.0
[0m09:06:28.922411 [debug] [MainThread]: Acquiring new postgres connection 'debug'
[0m09:06:29.887756 [debug] [MainThread]: Using postgres connection "debug"
[0m09:06:29.888755 [debug] [MainThread]: On debug: select 1 as id
[0m09:06:29.888755 [debug] [MainThread]: Opening a new connection, currently in state init
[0m09:06:29.921858 [debug] [MainThread]: SQL status: SELECT 1 in 0.033 seconds
[0m09:06:29.922864 [debug] [MainThread]: On debug: Close
[0m09:06:29.923869 [info ] [MainThread]:   Connection test: [[32mOK connection ok[0m]

[0m09:06:29.923869 [info ] [MainThread]: [31m1 check failed:[0m
[0m09:06:29.924868 [info ] [MainThread]: Project loading failed for the following reason:
 project path <C:\Users\Caleb King\ir_loan_dw\dbt_project.yml> not found

[0m09:06:29.925870 [debug] [MainThread]: Command `dbt debug` failed at 09:06:29.925870 after 1.37 seconds
[0m09:06:29.925870 [debug] [MainThread]: Connection 'debug' was properly closed.
[0m09:06:29.926870 [debug] [MainThread]: Sending event: {'category': 'dbt', 'action': 'invocation', 'label': 'end', 'context': [<snowplow_tracker.self_describing_json.SelfDescribingJson object at 0x000001FC9D94A4D0>, <snowplow_tracker.self_describing_json.SelfDescribingJson object at 0x000001FC9D99A810>, <snowplow_tracker.self_describing_json.SelfDescribingJson object at 0x000001FC9D705410>]}
[0m09:06:29.926870 [debug] [MainThread]: Flushing usage events
[0m09:06:30.974886 [debug] [MainThread]: An error was encountered while trying to flush usage events
